#
# There is insufficient memory for the Java Runtime Environment to continue.
# Native memory allocation (malloc) failed to allocate 1048576 bytes for AllocateHeap
# Possible reasons:
#   The system is out of physical RAM or swap space
#   The process is running with CompressedOops enabled, and the Java Heap may be blocking the growth of the native heap
# Possible solutions:
#   Reduce memory load on the system
#   Increase physical memory or swap space
#   Check if swap backing store is full
#   Decrease Java heap size (-Xmx/-Xms)
#   Decrease number of Java threads
#   Decrease Java thread stack sizes (-Xss)
#   Set larger code cache with -XX:ReservedCodeCacheSize=
#   JVM is running with Unscaled Compressed Oops mode in which the Java heap is
#     placed in the first 4GB address space. The Java Heap base address is the
#     maximum limit for the native heap growth. Please use -XX:HeapBaseMinAddress
#     to set the Java Heap base and to place the Java Heap above 4GB virtual address.
# This output file may be truncated or incomplete.
#
#  Out of Memory Error (memory/allocation.inline.hpp:61), pid=18368, tid=0x0000000000002310
#
# JRE version:  (8.0_202-b08) (build )
# Java VM: Java HotSpot(TM) 64-Bit Server VM (25.202-b08 mixed mode windows-amd64 compressed oops)
# Failed to write core dump. Minidumps are not enabled by default on client versions of Windows
#

---------------  T H R E A D  ---------------

Current thread (0x0000000002f8d800):  JavaThread "Unknown thread" [_thread_in_vm, id=8976, stack(0x0000000002c70000,0x0000000002d70000)]

Stack: [0x0000000002c70000,0x0000000002d70000]
[error occurred during error reporting (printing stack bounds), id 0xc0000005]

Native frames: (J=compiled Java code, j=interpreted, Vv=VM code, C=native code)


---------------  P R O C E S S  ---------------

Java Threads: ( => current thread )

Other Threads:

=>0x0000000002f8d800 (exited) JavaThread "Unknown thread" [_thread_in_vm, id=8976, stack(0x0000000002c70000,0x0000000002d70000)]

VM state:not at safepoint (normal execution)

VM Mutex/Monitor currently owned by a thread: None

heap address: 0x0000000091000000, size: 1776 MB, Compressed Oops mode: 32-bit
Narrow klass base: 0x0000000000000000, Narrow klass shift: 3
Compressed class space size: 1073741824 Address: 0x0000000100000000

Heap:
 PSYoungGen      total 33280K, used 573K [0x00000000db000000, 0x00000000dd500000, 0x0000000100000000)
  eden space 28672K, 2% used [0x00000000db000000,0x00000000db08f5d0,0x00000000dcc00000)
  from space 4608K, 0% used [0x00000000dd080000,0x00000000dd080000,0x00000000dd500000)
  to   space 4608K, 0% used [0x00000000dcc00000,0x00000000dcc00000,0x00000000dd080000)
 ParOldGen       total 76800K, used 0K [0x0000000091000000, 0x0000000095b00000, 0x00000000db000000)
  object space 76800K, 0% used [0x0000000091000000,0x0000000091000000,0x0000000095b00000)
 Metaspace       used 775K, capacity 4480K, committed 4480K, reserved 1056768K
  class space    used 76K, capacity 384K, committed 384K, reserved 1048576K

Card table byte_map: [0x0000000012350000,0x00000000126d0000] byte_map_base: 0x0000000011ec8000

Marking Bits: (ParMarkBitMap*) 0x00000000682e5ce0
 Begin Bits: [0x0000000013120000, 0x0000000014ce0000)
 End Bits:   [0x0000000014ce0000, 0x00000000168a0000)

Polling page: 0x0000000002d70000

CodeCache: size=245760Kb used=327Kb max_used=327Kb free=245432Kb
 bounds [0x0000000002f90000, 0x0000000003200000, 0x0000000011f90000]
 total_blobs=57 nmethods=0 adapters=38
 compilation: enabled

Compilation events (0 events):
No events

GC Heap History (0 events):
No events

Deoptimization events (0 events):
No events

Classes redefined (0 events):
No events

Internal exceptions (0 events):
No events

Events (10 events):
Event: 0.046 loading class java/lang/Short
Event: 0.046 loading class java/lang/Short done
Event: 0.046 loading class java/lang/Integer
Event: 0.046 loading class java/lang/Integer done
Event: 0.046 loading class java/lang/Long
Event: 0.046 loading class java/lang/Long done
Event: 0.048 loading class java/lang/NullPointerException
Event: 0.048 loading class java/lang/NullPointerException done
Event: 0.048 loading class java/lang/ArithmeticException
Event: 0.048 loading class java/lang/ArithmeticException done


Dynamic libraries:
0x00007ff723a50000 - 0x00007ff723a87000 	C:\Program Files\Java\jdk1.8.0_202\bin\javaw.exe
0x00007ffd2e390000 - 0x00007ffd2e585000 	C:\WINDOWS\SYSTEM32\ntdll.dll
0x00007ffd2c550000 - 0x00007ffd2c60e000 	C:\WINDOWS\System32\KERNEL32.DLL
0x00007ffd2c070000 - 0x00007ffd2c338000 	C:\WINDOWS\System32\KERNELBASE.dll
0x00007ffd2c7f0000 - 0x00007ffd2c89e000 	C:\WINDOWS\System32\ADVAPI32.dll
0x00007ffd2e1e0000 - 0x00007ffd2e27e000 	C:\WINDOWS\System32\msvcrt.dll
0x00007ffd2e010000 - 0x00007ffd2e0ac000 	C:\WINDOWS\System32\sechost.dll
0x00007ffd2c420000 - 0x00007ffd2c545000 	C:\WINDOWS\System32\RPCRT4.dll
0x00007ffd2d670000 - 0x00007ffd2d810000 	C:\WINDOWS\System32\USER32.dll
0x00007ffd2bdd0000 - 0x00007ffd2bdf2000 	C:\WINDOWS\System32\win32u.dll
0x00007ffd2c3f0000 - 0x00007ffd2c41b000 	C:\WINDOWS\System32\GDI32.dll
0x00007ffd2bf60000 - 0x00007ffd2c06b000 	C:\WINDOWS\System32\gdi32full.dll
0x00007ffd2bd30000 - 0x00007ffd2bdcd000 	C:\WINDOWS\System32\msvcp_win.dll
0x00007ffd2bba0000 - 0x00007ffd2bca0000 	C:\WINDOWS\System32\ucrtbase.dll
0x00007ffd1b830000 - 0x00007ffd1baca000 	C:\WINDOWS\WinSxS\amd64_microsoft.windows.common-controls_6595b64144ccf1df_6.0.19041.1110_none_60b5254171f9507e\COMCTL32.dll
0x00007ffd2d960000 - 0x00007ffd2d990000 	C:\WINDOWS\System32\IMM32.DLL
0x0000000068370000 - 0x0000000068442000 	C:\Program Files\Java\jdk1.8.0_202\jre\bin\msvcr100.dll
0x0000000067ac0000 - 0x0000000068365000 	C:\Program Files\Java\jdk1.8.0_202\jre\bin\server\jvm.dll
0x00007ffd2c8a0000 - 0x00007ffd2c8a8000 	C:\WINDOWS\System32\PSAPI.DLL
0x00007ffd2a2e0000 - 0x00007ffd2a307000 	C:\WINDOWS\SYSTEM32\WINMM.dll
0x00007ffd270f0000 - 0x00007ffd270f9000 	C:\WINDOWS\SYSTEM32\WSOCK32.dll
0x00007ffd22de0000 - 0x00007ffd22dea000 	C:\WINDOWS\SYSTEM32\VERSION.dll
0x00007ffd2d810000 - 0x00007ffd2d87b000 	C:\WINDOWS\System32\WS2_32.dll
0x00007ffd27130000 - 0x00007ffd2713f000 	C:\Program Files\Java\jdk1.8.0_202\jre\bin\verify.dll
0x00007ffd25b70000 - 0x00007ffd25b99000 	C:\Program Files\Java\jdk1.8.0_202\jre\bin\java.dll
0x00007ffd25b30000 - 0x00007ffd25b46000 	C:\Program Files\Java\jdk1.8.0_202\jre\bin\zip.dll

VM Arguments:
jvm_args: -Dfile.encoding=Cp1252 
java_command: main.Main
java_class_path (initial): C:\Users\PC\OneDrive - Universidad Icesi (@icesi.edu.co)\Escritorio\RickAndMorty_Game\bin
Launcher Type: SUN_STANDARD

Environment Variables:
PATH=C:/Users/PC/.p2/pool/plugins/org.eclipse.justj.openjdk.hotspot.jre.full.win32.x86_64_17.0.1.v20211116-1657/jre/bin/server;C:/Users/PC/.p2/pool/plugins/org.eclipse.justj.openjdk.hotspot.jre.full.win32.x86_64_17.0.1.v20211116-1657/jre/bin;C:\WINDOWS\system32;C:\WINDOWS;C:\WINDOWS\System32\Wbem;C:\WINDOWS\System32\WindowsPowerShell\v1.0\;C:\WINDOWS\System32\OpenSSH\;C:\Program Files\Git\cmd;C:\Program Files\php-8.1.4;C:\Users\PC\AppData\Local\Microsoft\WindowsApps;C:\Users\PC\AppData\Local\gitkraken\bin;C:\Users\PC\AppData\Local\Programs\Microsoft VS Code\bin;C:\Users\PC\AppData\Local\Microsoft\WindowsApps;;C:\WINDOWS\System32;
USERNAME=PC
OS=Windows_NT
PROCESSOR_IDENTIFIER=AMD64 Family 23 Model 24 Stepping 1, AuthenticAMD



---------------  S Y S T E M  ---------------

OS: Windows 10.0 , 64 bit Build 19041 (10.0.19041.1566)

CPU:total 8 (initial active 8) (8 cores per cpu, 1 threads per core) family 23 model 24 stepping 1, cmov, cx8, fxsr, mmx, sse, sse2, sse3, ssse3, sse4.1, sse4.2, popcnt, avx, avx2, aes, clmul, mmxext, 3dnowpref, lzcnt, sse4a, tsc, tscinvbit, tscinv, bmi1

Memory: 4k page, physical 7274124k(578316k free), swap 17759880k(5148k free)

vm_info: Java HotSpot(TM) 64-Bit Server VM (25.202-b08) for windows-amd64 JRE (1.8.0_202-b08), built on Dec 15 2018 19:54:30 by "java_re" with MS VC++ 10.0 (VS2010)

time: Sun Apr 24 14:23:54 2022
timezone: Hora est. Pacífico, Sudamérica
elapsed time: 0 seconds (0d 0h 0m 0s)

